"POST /api/token/ HTTP/1.1" 200 13002
Unauthorized: /api/token/
"POST /api/token/ HTTP/1.1" 401 12551
C:\Users\ASUS\Desktop\ITSTEP\Django\Материалы\55_Журналирование и отладка\lesson_55\api\models.py changed, reloading.
Watching for file changes with StatReloader
C:\Users\ASUS\Desktop\ITSTEP\Django\Материалы\55_Журналирование и отладка\lesson_55\api\models.py changed, reloading.
Watching for file changes with StatReloader
C:\Users\ASUS\Desktop\ITSTEP\Django\Материалы\55_Журналирование и отладка\lesson_55\api\models.py changed, reloading.
Watching for file changes with StatReloader
C:\Users\ASUS\Desktop\ITSTEP\Django\Материалы\55_Журналирование и отладка\lesson_55\api\views.py changed, reloading.
Watching for file changes with StatReloader
C:\Users\ASUS\Desktop\ITSTEP\Django\Материалы\55_Журналирование и отладка\lesson_55\api\views.py changed, reloading.
Watching for file changes with StatReloader
C:\Users\ASUS\Desktop\ITSTEP\Django\Материалы\55_Журналирование и отладка\lesson_55\api\views.py changed, reloading.
Watching for file changes with StatReloader
C:\Users\ASUS\Desktop\ITSTEP\Django\Материалы\55_Журналирование и отладка\lesson_55\api\views.py changed, reloading.
Watching for file changes with StatReloader
C:\Users\ASUS\Desktop\ITSTEP\Django\Материалы\55_Журналирование и отладка\lesson_55\api\views.py changed, reloading.
Watching for file changes with StatReloader
C:\Users\ASUS\Desktop\ITSTEP\Django\Материалы\55_Журналирование и отладка\lesson_55\api\views.py changed, reloading.
Watching for file changes with StatReloader
C:\Users\ASUS\Desktop\ITSTEP\Django\Материалы\55_Журналирование и отладка\lesson_55\api\views.py changed, reloading.
Watching for file changes with StatReloader
C:\Users\ASUS\Desktop\ITSTEP\Django\Материалы\55_Журналирование и отладка\lesson_55\api\views.py changed, reloading.
Watching for file changes with StatReloader
C:\Users\ASUS\Desktop\ITSTEP\Django\Материалы\55_Журналирование и отладка\lesson_55\api\views.py changed, reloading.
Watching for file changes with StatReloader
C:\Users\ASUS\Desktop\ITSTEP\Django\Материалы\55_Журналирование и отладка\lesson_55\api\views.py changed, reloading.
Watching for file changes with StatReloader
C:\Users\ASUS\Desktop\ITSTEP\Django\Материалы\55_Журналирование и отладка\lesson_55\api\views.py changed, reloading.
Watching for file changes with StatReloader
C:\Users\ASUS\Desktop\ITSTEP\Django\Материалы\55_Журналирование и отладка\lesson_55\api\views.py changed, reloading.
Watching for file changes with StatReloader
C:\Users\ASUS\Desktop\ITSTEP\Django\Материалы\55_Журналирование и отладка\lesson_55\api\views.py changed, reloading.
Watching for file changes with StatReloader
Not Found: /
"GET / HTTP/1.1" 404 2935
Internal Server Error: /home/
Traceback (most recent call last):
  File "C:\Users\ASUS\AppData\Local\Programs\Python\Python312\Lib\site-packages\django\core\handlers\exception.py", line 55, in inner
    response = get_response(request)
               ^^^^^^^^^^^^^^^^^^^^^
  File "C:\Users\ASUS\AppData\Local\Programs\Python\Python312\Lib\site-packages\django\core\handlers\base.py", line 220, in _get_response
    response = response.render()
               ^^^^^^^^^^^^^^^^^
  File "C:\Users\ASUS\AppData\Local\Programs\Python\Python312\Lib\site-packages\django\template\response.py", line 114, in render
    self.content = self.rendered_content
                   ^^^^^^^^^^^^^^^^^^^^^
  File "C:\Users\ASUS\AppData\Local\Programs\Python\Python312\Lib\site-packages\django\template\response.py", line 90, in rendered_content
    template = self.resolve_template(self.template_name)
               ^^^^^^^^^^^^^^^^^^^^^^^^^^^^^^^^^^^^^^^^^
  File "C:\Users\ASUS\AppData\Local\Programs\Python\Python312\Lib\site-packages\django\template\response.py", line 72, in resolve_template
    return select_template(template, using=self.using)
           ^^^^^^^^^^^^^^^^^^^^^^^^^^^^^^^^^^^^^^^^^^^
  File "C:\Users\ASUS\AppData\Local\Programs\Python\Python312\Lib\site-packages\django\template\loader.py", line 47, in select_template
    raise TemplateDoesNotExist(", ".join(template_name_list), chain=chain)
django.template.exceptions.TemplateDoesNotExist: home.html
"GET /home/ HTTP/1.1" 500 84395
C:\Users\ASUS\Desktop\ITSTEP\Django\Материалы\55_Журналирование и отладка\lesson_55\lesson_55\settings.py changed, reloading.
Watching for file changes with StatReloader
C:\Users\ASUS\Desktop\ITSTEP\Django\Материалы\55_Журналирование и отладка\lesson_55\lesson_55\settings.py changed, reloading.
Watching for file changes with StatReloader
C:\Users\ASUS\Desktop\ITSTEP\Django\Материалы\55_Журналирование и отладка\lesson_55\lesson_55\settings.py changed, reloading.
Watching for file changes with StatReloader
C:\Users\ASUS\Desktop\ITSTEP\Django\Материалы\55_Журналирование и отладка\lesson_55\lesson_55\settings.py changed, reloading.
Watching for file changes with StatReloader
C:\Users\ASUS\Desktop\ITSTEP\Django\Материалы\55_Журналирование и отладка\lesson_55\lesson_55\settings.py changed, reloading.
Watching for file changes with StatReloader
C:\Users\ASUS\Desktop\ITSTEP\Django\Материалы\55_Журналирование и отладка\lesson_55\lesson_55\settings.py changed, reloading.
Watching for file changes with StatReloader
C:\Users\ASUS\Desktop\ITSTEP\Django\Материалы\55_Журналирование и отладка\lesson_55\lesson_55\settings.py changed, reloading.
Watching for file changes with StatReloader
